<?xml version="1.0" encoding="UTF-8"?>
<testng-results skipped="0" failed="0" total="1" passed="1">
  <reporter-output>
  </reporter-output>
  <suite name="Default suite" duration-ms="7607" started-at="2015-11-19T09:38:04Z" finished-at="2015-11-19T09:38:12Z">
    <groups>
    </groups>
    <test name="Default test" duration-ms="7607" started-at="2015-11-19T09:38:04Z" finished-at="2015-11-19T09:38:12Z">
      <class name="com.template.ServiceImplTest.BrandServiceImplTest">
        <test-method status="PASS" signature="springTestContextBeforeTestClass()[pri:0, instance:com.template.ServiceImplTest.BrandServiceImplTest@1555511f]" name="springTestContextBeforeTestClass" is-config="true" duration-ms="9" started-at="2015-11-19T17:38:04Z" finished-at="2015-11-19T17:38:04Z">
          <reporter-output>
          </reporter-output>
        </test-method> <!-- springTestContextBeforeTestClass -->
        <test-method status="PASS" signature="springTestContextPrepareTestInstance()[pri:0, instance:com.template.ServiceImplTest.BrandServiceImplTest@1555511f]" name="springTestContextPrepareTestInstance" is-config="true" duration-ms="2034" started-at="2015-11-19T17:38:04Z" depends-on-methods="org.springframework.test.context.testng.AbstractTestNGSpringContextTests.springTestContextBeforeTestClass" finished-at="2015-11-19T17:38:06Z">
          <reporter-output>
          </reporter-output>
        </test-method> <!-- springTestContextPrepareTestInstance -->
        <test-method status="PASS" signature="test2()[pri:0, instance:com.template.ServiceImplTest.BrandServiceImplTest@1555511f]" name="test2" duration-ms="5517" started-at="2015-11-19T17:38:06Z" finished-at="2015-11-19T17:38:12Z">
          <reporter-output>
          </reporter-output>
        </test-method> <!-- test2 -->
        <test-method status="PASS" signature="springTestContextBeforeTestMethod(java.lang.reflect.Method)[pri:0, instance:com.template.ServiceImplTest.BrandServiceImplTest@1555511f]" name="springTestContextBeforeTestMethod" is-config="true" duration-ms="0" started-at="2015-11-19T17:38:06Z" finished-at="2015-11-19T17:38:06Z">
          <params>
            <param index="0">
              <value>
                <![CDATA[public void com.template.ServiceImplTest.BrandServiceImplTest.test2()]]>
              </value>
            </param>
          </params>
          <reporter-output>
          </reporter-output>
        </test-method> <!-- springTestContextBeforeTestMethod -->
        <test-method status="PASS" signature="springTestContextAfterTestMethod(java.lang.reflect.Method)[pri:0, instance:com.template.ServiceImplTest.BrandServiceImplTest@1555511f]" name="springTestContextAfterTestMethod" is-config="true" duration-ms="33" started-at="2015-11-19T17:38:12Z" finished-at="2015-11-19T17:38:12Z">
          <params>
            <param index="0">
              <value>
                <![CDATA[public void com.template.ServiceImplTest.BrandServiceImplTest.test2()]]>
              </value>
            </param>
          </params>
          <reporter-output>
          </reporter-output>
        </test-method> <!-- springTestContextAfterTestMethod -->
        <test-method status="PASS" signature="springTestContextAfterTestClass()[pri:0, instance:com.template.ServiceImplTest.BrandServiceImplTest@1555511f]" name="springTestContextAfterTestClass" is-config="true" duration-ms="0" started-at="2015-11-19T17:38:12Z" finished-at="2015-11-19T17:38:12Z">
          <reporter-output>
          </reporter-output>
        </test-method> <!-- springTestContextAfterTestClass -->
      </class> <!-- com.template.ServiceImplTest.BrandServiceImplTest -->
    </test> <!-- Default test -->
  </suite> <!-- Default suite -->
</testng-results>
